<?xml version="1.0" encoding="UTF-8"?>
<!-- Generated by org.testng.reporters.JUnitReportReporter -->
<testsuite skipped="0" hostname="DESKTOP-JDGVO00" name="Day_001_Demo.TC02_GitHub_Chrome" tests="1" failures="0" timestamp="2021-02-06T10:46:40 IST" time="5.083" errors="1">
  <testcase name="login_test" time="5.083" classname="Day_001_Demo.TC02_GitHub_Chrome">
    <error type="org.openqa.selenium.SessionNotCreatedException" message="session not created: This version of ChromeDriver only supports Chrome version 89
Current browser version is 88.0.4324.146 with binary path C:\Program Files\Google\Chrome\Application\chrome.exe
Build info: version: &#039;3.141.59&#039;, revision: &#039;e82be7d358&#039;, time: &#039;2018-11-14T08:17:03&#039;
System info: host: &#039;DESKTOP-JDGVO00&#039;, ip: &#039;192.168.29.254&#039;, os.name: &#039;Windows 10&#039;, os.arch: &#039;amd64&#039;, os.version: &#039;10.0&#039;, java.version: &#039;1.8.0_275&#039;
Driver info: driver.version: ChromeDriver
remote stacktrace: Backtrace:
	Ordinal0 [0x00F6E7D3+124883]
	Ordinal0 [0x00F6E7B1+124849]
	GetHandleVerifier [0x011B8688+193832]
	GetHandleVerifier [0x011D3AC5+305509]
	GetHandleVerifier [0x011D021B+291003]
	GetHandleVerifier [0x011CE0AC+282444]
	GetHandleVerifier [0x011F4A90+440624]
	GetHandleVerifier [0x011F47FC+439964]
	GetHandleVerifier [0x011F154B+426987]
	GetHandleVerifier [0x011D4FFD+310941]
	GetHandleVerifier [0x011D5D8E+314414]
	GetHandleVerifier [0x011D5D19+314297]
	GetHandleVerifier [0x012931EC+1089676]
	GetHandleVerifier [0x012917C9+1082985]
	GetHandleVerifier [0x012913A3+1081923]
	GetHandleVerifier [0x0138D9FD+2115741]
	Ordinal0 [0x010BB82E+1488942]
	Ordinal0 [0x01055A7D+1071741]
	Ordinal0 [0x0105559B+1070491]
	Ordinal0 [0x010554B1+1070257]
	Ordinal0 [0x0108FF53+1310547]
	BaseThreadInitThunk [0x7677FA29+25]
	RtlGetAppContainerNamedObjectPath [0x77BA75F4+228]
	RtlGetAppContainerNamedObjectPath [0x77BA75C4+180]
">
      <![CDATA[org.openqa.selenium.SessionNotCreatedException: session not created: This version of ChromeDriver only supports Chrome version 89
Current browser version is 88.0.4324.146 with binary path C:\Program Files\Google\Chrome\Application\chrome.exe
Build info: version: '3.141.59', revision: 'e82be7d358', time: '2018-11-14T08:17:03'
System info: host: 'DESKTOP-JDGVO00', ip: '192.168.29.254', os.name: 'Windows 10', os.arch: 'amd64', os.version: '10.0', java.version: '1.8.0_275'
Driver info: driver.version: ChromeDriver
remote stacktrace: Backtrace:
Ordinal0 [0x00F6E7D3+124883]
Ordinal0 [0x00F6E7B1+124849]
GetHandleVerifier [0x011B8688+193832]
GetHandleVerifier [0x011D3AC5+305509]
GetHandleVerifier [0x011D021B+291003]
GetHandleVerifier [0x011CE0AC+282444]
GetHandleVerifier [0x011F4A90+440624]
GetHandleVerifier [0x011F47FC+439964]
GetHandleVerifier [0x011F154B+426987]
GetHandleVerifier [0x011D4FFD+310941]
GetHandleVerifier [0x011D5D8E+314414]
GetHandleVerifier [0x011D5D19+314297]
GetHandleVerifier [0x012931EC+1089676]
GetHandleVerifier [0x012917C9+1082985]
GetHandleVerifier [0x012913A3+1081923]
GetHandleVerifier [0x0138D9FD+2115741]
Ordinal0 [0x010BB82E+1488942]
Ordinal0 [0x01055A7D+1071741]
Ordinal0 [0x0105559B+1070491]
Ordinal0 [0x010554B1+1070257]
Ordinal0 [0x0108FF53+1310547]
BaseThreadInitThunk [0x7677FA29+25]
RtlGetAppContainerNamedObjectPath [0x77BA75F4+228]
RtlGetAppContainerNamedObjectPath [0x77BA75C4+180]

at sun.reflect.NativeConstructorAccessorImpl.newInstance0(Native Method)
at sun.reflect.NativeConstructorAccessorImpl.newInstance(NativeConstructorAccessorImpl.java:62)
at sun.reflect.DelegatingConstructorAccessorImpl.newInstance(DelegatingConstructorAccessorImpl.java:45)
at java.lang.reflect.Constructor.newInstance(Constructor.java:423)
at org.openqa.selenium.remote.W3CHandshakeResponse.lambda$errorHandler$0(W3CHandshakeResponse.java:62)
at org.openqa.selenium.remote.HandshakeResponse.lambda$getResponseFunction$0(HandshakeResponse.java:30)
at org.openqa.selenium.remote.ProtocolHandshake.lambda$createSession$0(ProtocolHandshake.java:126)
at java.util.stream.ReferencePipeline$3$1.accept(ReferencePipeline.java:193)
at java.util.Spliterators$ArraySpliterator.tryAdvance(Spliterators.java:958)
at java.util.stream.ReferencePipeline.forEachWithCancel(ReferencePipeline.java:126)
at java.util.stream.AbstractPipeline.copyIntoWithCancel(AbstractPipeline.java:499)
at java.util.stream.AbstractPipeline.copyInto(AbstractPipeline.java:486)
at java.util.stream.AbstractPipeline.wrapAndCopyInto(AbstractPipeline.java:472)
at java.util.stream.FindOps$FindOp.evaluateSequential(FindOps.java:152)
at java.util.stream.AbstractPipeline.evaluate(AbstractPipeline.java:234)
at java.util.stream.ReferencePipeline.findFirst(ReferencePipeline.java:531)
at org.openqa.selenium.remote.ProtocolHandshake.createSession(ProtocolHandshake.java:128)
at org.openqa.selenium.remote.ProtocolHandshake.createSession(ProtocolHandshake.java:74)
at org.openqa.selenium.remote.HttpCommandExecutor.execute(HttpCommandExecutor.java:136)
at org.openqa.selenium.remote.service.DriverCommandExecutor.execute(DriverCommandExecutor.java:83)
at org.openqa.selenium.remote.RemoteWebDriver.execute(RemoteWebDriver.java:552)
at org.openqa.selenium.remote.RemoteWebDriver.startSession(RemoteWebDriver.java:213)
at org.openqa.selenium.remote.RemoteWebDriver.<init>(RemoteWebDriver.java:131)
at org.openqa.selenium.chrome.ChromeDriver.<init>(ChromeDriver.java:181)
at org.openqa.selenium.chrome.ChromeDriver.<init>(ChromeDriver.java:168)
at org.openqa.selenium.chrome.ChromeDriver.<init>(ChromeDriver.java:123)
at Day_001_Demo.TC02_GitHub_Chrome.login_test(TC02_GitHub_Chrome.java:35)
at sun.reflect.NativeMethodAccessorImpl.invoke0(Native Method)
at sun.reflect.NativeMethodAccessorImpl.invoke(NativeMethodAccessorImpl.java:62)
at sun.reflect.DelegatingMethodAccessorImpl.invoke(DelegatingMethodAccessorImpl.java:43)
at java.lang.reflect.Method.invoke(Method.java:498)
at org.testng.internal.MethodInvocationHelper.invokeMethod(MethodInvocationHelper.java:132)
at org.testng.internal.TestInvoker.invokeMethod(TestInvoker.java:599)
at org.testng.internal.TestInvoker.invokeTestMethod(TestInvoker.java:174)
at org.testng.internal.MethodRunner.runInSequence(MethodRunner.java:46)
at org.testng.internal.TestInvoker$MethodInvocationAgent.invoke(TestInvoker.java:822)
at org.testng.internal.TestInvoker.invokeTestMethods(TestInvoker.java:147)
at org.testng.internal.TestMethodWorker.invokeTestMethods(TestMethodWorker.java:146)
at org.testng.internal.TestMethodWorker.run(TestMethodWorker.java:128)
at java.util.ArrayList.forEach(ArrayList.java:1259)
at org.testng.TestRunner.privateRun(TestRunner.java:764)
at org.testng.TestRunner.run(TestRunner.java:585)
at org.testng.SuiteRunner.runTest(SuiteRunner.java:384)
at org.testng.SuiteRunner.runSequentially(SuiteRunner.java:378)
at org.testng.SuiteRunner.privateRun(SuiteRunner.java:337)
at org.testng.SuiteRunner.run(SuiteRunner.java:286)
at org.testng.SuiteRunnerWorker.runSuite(SuiteRunnerWorker.java:53)
at org.testng.SuiteRunnerWorker.run(SuiteRunnerWorker.java:96)
at org.testng.TestNG.runSuitesSequentially(TestNG.java:1218)
at org.testng.TestNG.runSuitesLocally(TestNG.java:1140)
at org.testng.TestNG.runSuites(TestNG.java:1069)
at org.testng.TestNG.run(TestNG.java:1037)
at org.testng.remote.AbstractRemoteTestNG.run(AbstractRemoteTestNG.java:115)
at org.testng.remote.RemoteTestNG.initAndRun(RemoteTestNG.java:251)
at org.testng.remote.RemoteTestNG.main(RemoteTestNG.java:77)
]]>
    </error>
  </testcase> <!-- login_test -->
  <system-out/>
</testsuite> <!-- Day_001_Demo.TC02_GitHub_Chrome -->
